<?xml version="1.0" encoding="UTF-8"?>
<testng-results ignored="0" total="1" passed="1" failed="0" skipped="0">
  <reporter-output>
  </reporter-output>
  <suite started-at="2023-04-27T10:09:49 IST" name="Default suite" finished-at="2023-04-27T10:09:49 IST" duration-ms="95">
    <groups>
    </groups>
    <test started-at="2023-04-27T10:09:49 IST" name="Default test" finished-at="2023-04-27T10:09:49 IST" duration-ms="95">
      <class name="Practice.Sample">
        <test-method signature="method()[pri:0, instance:Practice.Sample@7e9131d5]" started-at="2023-04-27T10:09:49 IST" name="method" finished-at="2023-04-27T10:09:49 IST" duration-ms="13" status="PASS">
          <reporter-output>
          </reporter-output>
        </test-method> <!-- method -->
      </class> <!-- Practice.Sample -->
    </test> <!-- Default test -->
  </suite> <!-- Default suite -->
</testng-results>
